2019-07-22 16:09:47.740 +01:00 [ERR] 
ElectronCgi.DotNet.HandlerFailedException: Request handler for request of type 'octaneApi' failed. ---> System.Net.WebException: The remote server returned an error: (407) Proxy Authentication Required.
   at System.Net.HttpWebRequest.GetResponse()
   at Core.octaneApi.Get(String uri) in C:\Users\MANNN\source\Electron\react-csharp\core\Core\Program.cs:line 40
   at Core.octaneApi.route(String data) in C:\Users\MANNN\source\Electron\react-csharp\core\Core\Program.cs:line 32
   at Core.Program.<>c__DisplayClass0_0.<Main>b__1(Object data) in C:\Users\MANNN\source\Electron\react-csharp\core\Core\Program.cs:line 20
   at ElectronCgi.DotNet.Connection.<>c__DisplayClass16_0`2.<On>b__0(TIn args)
   at ElectronCgi.DotNet.RequestHandler`2.HandleRequestAsync(Guid id, Object arguments)
   at ElectronCgi.DotNet.RequestExecutor.<>c__DisplayClass5_0.<<ExecuteAsync>b__0>d.MoveNext()
   --- End of inner exception stack trace ---
   at ElectronCgi.DotNet.ResponseDispatcher.<>c__DisplayClass3_0.<<StartAsync>b__0>d.MoveNext()
2019-07-22 16:19:08.240 +01:00 [ERR] 
ElectronCgi.DotNet.HandlerFailedException: Request handler for request of type 'octaneApi' failed. ---> System.Net.WebException: The remote server returned an error: (407) Proxy Authentication Required.
   at System.Net.HttpWebRequest.GetResponse()
   at Core.octaneApi.Get(String uri) in C:\Users\MANNN\source\Electron\react-csharp\core\Core\Program.cs:line 40
   at Core.octaneApi.route(String data) in C:\Users\MANNN\source\Electron\react-csharp\core\Core\Program.cs:line 32
   at Core.Program.<>c__DisplayClass0_0.<Main>b__1(Object data) in C:\Users\MANNN\source\Electron\react-csharp\core\Core\Program.cs:line 20
   at ElectronCgi.DotNet.Connection.<>c__DisplayClass16_0`2.<On>b__0(TIn args)
   at ElectronCgi.DotNet.RequestHandler`2.HandleRequestAsync(Guid id, Object arguments)
   at ElectronCgi.DotNet.RequestExecutor.<>c__DisplayClass5_0.<<ExecuteAsync>b__0>d.MoveNext()
   --- End of inner exception stack trace ---
   at ElectronCgi.DotNet.ResponseDispatcher.<>c__DisplayClass3_0.<<StartAsync>b__0>d.MoveNext()
