0 info it worked if it ends with ok
1 verbose cli [ 'C:\\Program Files\\nodejs\\node.exe',
1 verbose cli   'C:\\Program Files\\nodejs\\node_modules\\npm\\bin\\npm-cli.js',
1 verbose cli   'run',
1 verbose cli   'build:react' ]
2 info using npm@3.10.10
3 info using node@v7.2.1
4 verbose run-script [ 'prebuild:react', 'build:react', 'postbuild:react' ]
5 info lifecycle octane-burner@1.0.0~prebuild:react: octane-burner@1.0.0
6 silly lifecycle octane-burner@1.0.0~prebuild:react: no script for prebuild:react, continuing
7 info lifecycle octane-burner@1.0.0~build:react: octane-burner@1.0.0
8 verbose lifecycle octane-burner@1.0.0~build:react: unsafe-perm in lifecycle true
9 verbose lifecycle octane-burner@1.0.0~build:react: PATH: C:\nvm\v7.2.1\node_modules\npm\bin\node-gyp-bin;c:\Users\MANNN\source\Electron\react-csharp\node_modules\.bin;C:\Program Files (x86)\Common Files\Oracle\Java\javapath;C:\windows\system32;C:\windows;C:\Maven\apache-maven-3.5.3\bin;C:\Program Files\Java\jdk1.7.0_25\bin;C:\windows\System32\Wbem;C:\windows\System32\WindowsPowerShell\v1.0\;C:\Program Files (x86)\Verint\Playback\;C:\Program Files\dotnet\;C:\Program Files\Microsoft SQL Server\130\Tools\Binn\;C:\Program Files (x86)\Microsoft SQL Server\Client SDK\ODBC\130\Tools\Binn\;C:\Program Files (x86)\Microsoft SQL Server\140\Tools\Binn\;C:\Program Files (x86)\Microsoft SQL Server\140\DTS\Binn\;C:\Program Files (x86)\Microsoft SQL Server\140\Tools\Binn\ManagementStudio\;C:\Program Files\apache-ant-1.8.2\bin;C:\Users\MANNN\AppData\Local\Android\Sdk\platform-tools\;C:\Program Files\Java\jdk1.7.0_25\bin;C:\Program Files\Microsoft SQL Server\120\DTS\Binn\;C:\Program Files\Microsoft SQL Server\Client SDK\ODBC\110\Tools\Binn\;C:\Program Files (x86)\Microsoft SQL Server\120\Tools\Binn\;C:\Program Files\Microsoft SQL Server\120\Tools\Binn\;C:\Program Files (x86)\Microsoft SQL Server\120\Tools\Binn\ManagementStudio\;C:\Program Files (x86)\Microsoft SQL Server\120\DTS\Binn\;C:\Program Files\Git\cmd;C:\Program Files\TortoiseSVN\bin;C:\Program Files\Microsoft SQL Server\Client SDK\ODBC\170\Tools\Binn\;C:\nvm;C:\Program Files\nodejs;C:\windows\System32\WindowsPowerShell\v1.0\;C:\windows\System32\WindowsPowerShell\v1.0\;C:\Users\MANNN\AppData\Local\Programs\Python\Launcher\;C:\Program Files (x86)\Microsoft VS Code\bin;C:\Users\MANNN\.dotnet\tools;C:\Users\MANNN\AppData\Roaming\npm;C:\nvm;C:\Program Files\nodejs
10 verbose lifecycle octane-burner@1.0.0~build:react: CWD: c:\Users\MANNN\source\Electron\react-csharp
11 silly lifecycle octane-burner@1.0.0~build:react: Args: [ '/d /s /c',
11 silly lifecycle   'webpack --mode development --config webpack.react.config.js' ]
12 silly lifecycle octane-burner@1.0.0~build:react: Returned: code: 2  signal: null
13 info lifecycle octane-burner@1.0.0~build:react: Failed to exec build:react script
14 verbose stack Error: octane-burner@1.0.0 build:react: `webpack --mode development --config webpack.react.config.js`
14 verbose stack Exit status 2
14 verbose stack     at EventEmitter.<anonymous> (C:\nvm\v7.2.1\node_modules\npm\lib\utils\lifecycle.js:255:16)
14 verbose stack     at emitTwo (events.js:106:13)
14 verbose stack     at EventEmitter.emit (events.js:191:7)
14 verbose stack     at ChildProcess.<anonymous> (C:\nvm\v7.2.1\node_modules\npm\lib\utils\spawn.js:40:14)
14 verbose stack     at emitTwo (events.js:106:13)
14 verbose stack     at ChildProcess.emit (events.js:191:7)
14 verbose stack     at maybeClose (internal/child_process.js:885:16)
14 verbose stack     at Process.ChildProcess._handle.onexit (internal/child_process.js:226:5)
15 verbose pkgid octane-burner@1.0.0
16 verbose cwd c:\Users\MANNN\source\Electron\react-csharp
17 error Windows_NT 6.1.7601
18 error argv "C:\\Program Files\\nodejs\\node.exe" "C:\\Program Files\\nodejs\\node_modules\\npm\\bin\\npm-cli.js" "run" "build:react"
19 error node v7.2.1
20 error npm  v3.10.10
21 error code ELIFECYCLE
22 error octane-burner@1.0.0 build:react: `webpack --mode development --config webpack.react.config.js`
22 error Exit status 2
23 error Failed at the octane-burner@1.0.0 build:react script 'webpack --mode development --config webpack.react.config.js'.
23 error Make sure you have the latest version of node.js and npm installed.
23 error If you do, this is most likely a problem with the octane-burner package,
23 error not with npm itself.
23 error Tell the author that this fails on your system:
23 error     webpack --mode development --config webpack.react.config.js
23 error You can get information on how to open an issue for this project with:
23 error     npm bugs octane-burner
23 error Or if that isn't available, you can get their info via:
23 error     npm owner ls octane-burner
23 error There is likely additional logging output above.
24 verbose exit [ 1, true ]
